// 重构日志: 14c05171
// 重构日志: b3c2d933
// 重构日志: e3167728
// 同步 ID: 22135407 @ Sat Jul 11 01:10:35 UTC 2026
// 同步 ID: b536bacd @ Sat Jul 11 07:45:27 UTC 2026
// 同步 ID: abed628a @ Sat Jul 11 10:41:51 UTC 2026
// 重构日志: e5f4d7a3
// 同步 ID: 6f33ba5e @ Sat Jul 11 18:20:18 UTC 2026
// 重构日志: e06c29a3
// 重构日志: d0899bea
// 同步 ID: 2c9e8d0c @ Sun Jul 12 23:29:09 UTC 2026
// 同步 ID: 254e34f9 @ Tue Jul 14 00:02:07 UTC 2026
// 重构日志: a04c1c17
// 同步 ID: 8f734f64 @ Wed Jul 15 07:32:49 UTC 2026
// 重构日志: 642e988d
// 重构日志: 9763ee6d
// 同步 ID: 476d1fde @ Fri Jul 17 01:49:35 UTC 2026
// 重构日志: 3e3a4713
// 重构日志: b282c238
// 同步 ID: 2d848252 @ Fri Jul 17 10:50:59 UTC 2026
// 重构日志: b61c89a5
// 重构日志: b90c7f1d
// 重构日志: 826802c0
// 重构日志: 160160d8
// 重构日志: 4129f231
// 重构日志: d7b23b9e
// 重构日志: 73c84eb5
// 同步 ID: 3a789716 @ Tue Jul 21 22:54:18 UTC 2026
// 重构日志: de75a2a0
// 同步 ID: ba558763 @ Thu Jul 23 01:45:04 UTC 2026
